#
# There is insufficient memory for the Java Runtime Environment to continue.
# Native memory allocation (malloc) failed to allocate 965296 bytes for Chunk::new
# Possible reasons:
#   The system is out of physical RAM or swap space
#   In 32 bit mode, the process size limit was hit
# Possible solutions:
#   Reduce memory load on the system
#   Increase physical memory or swap space
#   Check if swap backing store is full
#   Use 64 bit Java on a 64 bit OS
#   Decrease Java heap size (-Xmx/-Xms)
#   Decrease number of Java threads
#   Decrease Java thread stack sizes (-Xss)
#   Set larger code cache with -XX:ReservedCodeCacheSize=
# This output file may be truncated or incomplete.
#
#  Out of Memory Error (allocation.cpp:390), pid=1880, tid=0x0000000000001fac
#
# JRE version: Java(TM) SE Runtime Environment (8.0_152-b16) (build 1.8.0_152-b16)
# Java VM: Java HotSpot(TM) 64-Bit Server VM (25.152-b16 mixed mode windows-amd64 compressed oops)
# Failed to write core dump. Minidumps are not enabled by default on client versions of Windows
#

---------------  T H R E A D  ---------------

Current thread (0x00000000186cb800):  JavaThread "C2 CompilerThread0" daemon [_thread_in_native, id=8108, stack(0x0000000019d20000,0x0000000019e20000)]

Stack: [0x0000000019d20000,0x0000000019e20000]
[error occurred during error reporting (printing stack bounds), id 0xc0000005]

Native frames: (J=compiled Java code, j=interpreted, Vv=VM code, C=native code)


Current CompileTask:
C2:   4923 3766   !   4       java.net.URLClassLoader$1::run (63 bytes)


---------------  P R O C E S S  ---------------

Java Threads: ( => current thread )
  0x000000001a052800 JavaThread "Service Thread" daemon [_thread_blocked, id=17980, stack(0x000000001a420000,0x000000001a520000)]
  0x00000000186d5000 JavaThread "C1 CompilerThread2" daemon [_thread_blocked, id=17976, stack(0x0000000019f20000,0x000000001a020000)]
  0x00000000186cf000 JavaThread "C2 CompilerThread1" daemon [_thread_in_native, id=10380, stack(0x0000000019e20000,0x0000000019f20000)]
=>0x00000000186cb800 JavaThread "C2 CompilerThread0" daemon [_thread_in_native, id=8108, stack(0x0000000019d20000,0x0000000019e20000)]
  0x00000000186da800 JavaThread "Attach Listener" daemon [_thread_blocked, id=9536, stack(0x0000000019c20000,0x0000000019d20000)]
  0x00000000186d7800 JavaThread "Signal Dispatcher" daemon [_thread_blocked, id=18692, stack(0x0000000019b20000,0x0000000019c20000)]
  0x00000000186ba800 JavaThread "Finalizer" daemon [_thread_blocked, id=2968, stack(0x0000000019920000,0x0000000019a20000)]
  0x0000000003b71000 JavaThread "Reference Handler" daemon [_thread_blocked, id=15092, stack(0x0000000019820000,0x0000000019920000)]
  0x0000000003a7e800 JavaThread "main" [_thread_in_native, id=14272, stack(0x0000000003910000,0x0000000003a10000)]

Other Threads:
  0x0000000018697800 VMThread [stack: 0x0000000019720000,0x0000000019820000] [id=9912]
  0x000000001a073000 WatcherThread [stack: 0x000000001a520000,0x000000001a620000] [id=11784]

VM state:not at safepoint (normal execution)

VM Mutex/Monitor currently owned by a thread: None

Heap:
 PSYoungGen      total 71680K, used 39478K [0x00000000d5d80000, 0x00000000da880000, 0x0000000100000000)
  eden space 66560K, 59% used [0x00000000d5d80000,0x00000000d840daa0,0x00000000d9e80000)
  from space 5120K, 0% used [0x00000000d9e80000,0x00000000d9e80000,0x00000000da380000)
  to   space 5120K, 0% used [0x00000000da380000,0x00000000da380000,0x00000000da880000)
 ParOldGen       total 87552K, used 31853K [0x0000000081800000, 0x0000000086d80000, 0x00000000d5d80000)
  object space 87552K, 36% used [0x0000000081800000,0x000000008371b4e0,0x0000000086d80000)
 Metaspace       used 21331K, capacity 21710K, committed 22064K, reserved 1069056K
  class space    used 2516K, capacity 2649K, committed 2688K, reserved 1048576K

Card table byte_map: [0x0000000012f40000,0x0000000013340000] byte_map_base: 0x0000000012b34000

Marking Bits: (ParMarkBitMap*) 0x0000000070120860
 Begin Bits: [0x00000000139f0000, 0x0000000015990000)
 End Bits:   [0x0000000015990000, 0x0000000017930000)

Polling page: 0x00000000014f0000

CodeCache: size=245760Kb used=14051Kb max_used=14091Kb free=231708Kb
 bounds [0x0000000003b80000, 0x0000000004950000, 0x0000000012b80000]
 total_blobs=4146 nmethods=3752 adapters=305
 compilation: enabled

Compilation events (10 events):
Event: 4.830 Thread 0x00000000186d5000 3788       1       com.sun.tools.javac.util.SharedNameTable$NameImpl::getIndex (5 bytes)
Event: 4.830 Thread 0x00000000186d5000 nmethod 3788 0x0000000003d04bd0 code [0x0000000003d04d20, 0x0000000003d04e30]
Event: 4.838 Thread 0x00000000186d5000 3789       3       com.sun.tools.javac.util.Context::get (82 bytes)
Event: 4.839 Thread 0x00000000186d5000 nmethod 3789 0x000000000493fc50 code [0x000000000493fec0, 0x0000000004940dd8]
Event: 4.853 Thread 0x00000000186d5000 3790       3       com.sun.tools.javac.util.List::of (12 bytes)
Event: 4.853 Thread 0x00000000186d5000 nmethod 3790 0x0000000003c9f550 code [0x0000000003c9f6c0, 0x0000000003c9f9f0]
Event: 4.853 Thread 0x00000000186d5000 3791       3       com.sun.tools.javac.util.List::<init> (15 bytes)
Event: 4.853 Thread 0x00000000186d5000 nmethod 3791 0x0000000003cba6d0 code [0x0000000003cba840, 0x0000000003cbaa70]
Event: 4.879 Thread 0x00000000186d5000 3792       3       java.util.jar.Manifest$FastInputStream::readLine (167 bytes)
Event: 4.879 Thread 0x00000000186d5000 nmethod 3792 0x0000000003ca38d0 code [0x0000000003ca3a80, 0x0000000003ca4038]

GC Heap History (10 events):
Event: 2.764 GC heap before
{Heap before GC invocations=6 (full 0):
 PSYoungGen      total 71680K, used 71680K [0x00000000d5d80000, 0x00000000da880000, 0x0000000100000000)
  eden space 66560K, 100% used [0x00000000d5d80000,0x00000000d9e80000,0x00000000d9e80000)
  from space 5120K, 100% used [0x00000000d9e80000,0x00000000da380000,0x00000000da380000)
  to   space 5120K, 0% used [0x00000000da380000,0x00000000da380000,0x00000000da880000)
 ParOldGen       total 87552K, used 14217K [0x0000000081800000, 0x0000000086d80000, 0x00000000d5d80000)
  object space 87552K, 16% used [0x0000000081800000,0x00000000825e2548,0x0000000086d80000)
 Metaspace       used 15899K, capacity 16170K, committed 16384K, reserved 1062912K
  class space    used 1862K, capacity 1951K, committed 2048K, reserved 1048576K
Event: 2.780 GC heap after
Heap after GC invocations=6 (full 0):
 PSYoungGen      total 71680K, used 5104K [0x00000000d5d80000, 0x00000000da880000, 0x0000000100000000)
  eden space 66560K, 0% used [0x00000000d5d80000,0x00000000d5d80000,0x00000000d9e80000)
  from space 5120K, 99% used [0x00000000da380000,0x00000000da87c010,0x00000000da880000)
  to   space 5120K, 0% used [0x00000000d9e80000,0x00000000d9e80000,0x00000000da380000)
 ParOldGen       total 87552K, used 20066K [0x0000000081800000, 0x0000000086d80000, 0x00000000d5d80000)
  object space 87552K, 22% used [0x0000000081800000,0x0000000082b988a0,0x0000000086d80000)
 Metaspace       used 15899K, capacity 16170K, committed 16384K, reserved 1062912K
  class space    used 1862K, capacity 1951K, committed 2048K, reserved 1048576K
}
Event: 3.252 GC heap before
{Heap before GC invocations=7 (full 0):
 PSYoungGen      total 71680K, used 71664K [0x00000000d5d80000, 0x00000000da880000, 0x0000000100000000)
  eden space 66560K, 100% used [0x00000000d5d80000,0x00000000d9e80000,0x00000000d9e80000)
  from space 5120K, 99% used [0x00000000da380000,0x00000000da87c010,0x00000000da880000)
  to   space 5120K, 0% used [0x00000000d9e80000,0x00000000d9e80000,0x00000000da380000)
 ParOldGen       total 87552K, used 20066K [0x0000000081800000, 0x0000000086d80000, 0x00000000d5d80000)
  object space 87552K, 22% used [0x0000000081800000,0x0000000082b988a0,0x0000000086d80000)
 Metaspace       used 16101K, capacity 16362K, committed 16640K, reserved 1064960K
  class space    used 1863K, capacity 1951K, committed 2048K, reserved 1048576K
Event: 3.271 GC heap after
Heap after GC invocations=7 (full 0):
 PSYoungGen      total 71680K, used 5120K [0x00000000d5d80000, 0x00000000da880000, 0x0000000100000000)
  eden space 66560K, 0% used [0x00000000d5d80000,0x00000000d5d80000,0x00000000d9e80000)
  from space 5120K, 100% used [0x00000000d9e80000,0x00000000da380000,0x00000000da380000)
  to   space 5120K, 0% used [0x00000000da380000,0x00000000da380000,0x00000000da880000)
 ParOldGen       total 87552K, used 26714K [0x0000000081800000, 0x0000000086d80000, 0x00000000d5d80000)
  object space 87552K, 30% used [0x0000000081800000,0x0000000083216878,0x0000000086d80000)
 Metaspace       used 16101K, capacity 16362K, committed 16640K, reserved 1064960K
  class space    used 1863K, capacity 1951K, committed 2048K, reserved 1048576K
}
Event: 4.280 GC heap before
{Heap before GC invocations=8 (full 0):
 PSYoungGen      total 71680K, used 71680K [0x00000000d5d80000, 0x00000000da880000, 0x0000000100000000)
  eden space 66560K, 100% used [0x00000000d5d80000,0x00000000d9e80000,0x00000000d9e80000)
  from space 5120K, 100% used [0x00000000d9e80000,0x00000000da380000,0x00000000da380000)
  to   space 5120K, 0% used [0x00000000da380000,0x00000000da380000,0x00000000da880000)
 ParOldGen       total 87552K, used 26714K [0x0000000081800000, 0x0000000086d80000, 0x00000000d5d80000)
  object space 87552K, 30% used [0x0000000081800000,0x0000000083216878,0x0000000086d80000)
 Metaspace       used 17279K, capacity 17622K, committed 17792K, reserved 1064960K
  class space    used 1976K, capacity 2093K, committed 2176K, reserved 1048576K
Event: 4.294 GC heap after
Heap after GC invocations=8 (full 0):
 PSYoungGen      total 71680K, used 5120K [0x00000000d5d80000, 0x00000000da880000, 0x0000000100000000)
  eden space 66560K, 0% used [0x00000000d5d80000,0x00000000d5d80000,0x00000000d9e80000)
  from space 5120K, 100% used [0x00000000da380000,0x00000000da880000,0x00000000da880000)
  to   space 5120K, 0% used [0x00000000d9e80000,0x00000000d9e80000,0x00000000da380000)
 ParOldGen       total 87552K, used 31766K [0x0000000081800000, 0x0000000086d80000, 0x00000000d5d80000)
  object space 87552K, 36% used [0x0000000081800000,0x00000000837058f8,0x0000000086d80000)
 Metaspace       used 17279K, capacity 17622K, committed 17792K, reserved 1064960K
  class space    used 1976K, capacity 2093K, committed 2176K, reserved 1048576K
}
Event: 4.687 GC heap before
{Heap before GC invocations=9 (full 0):
 PSYoungGen      total 71680K, used 21228K [0x00000000d5d80000, 0x00000000da880000, 0x0000000100000000)
  eden space 66560K, 24% used [0x00000000d5d80000,0x00000000d6d3b148,0x00000000d9e80000)
  from space 5120K, 100% used [0x00000000da380000,0x00000000da880000,0x00000000da880000)
  to   space 5120K, 0% used [0x00000000d9e80000,0x00000000d9e80000,0x00000000da380000)
 ParOldGen       total 87552K, used 31766K [0x0000000081800000, 0x0000000086d80000, 0x00000000d5d80000)
  object space 87552K, 36% used [0x0000000081800000,0x00000000837058f8,0x0000000086d80000)
 Metaspace       used 20675K, capacity 21070K, committed 21296K, reserved 1069056K
  class space    used 2444K, capacity 2585K, committed 2688K, reserved 1048576K
Event: 4.696 GC heap after
Heap after GC invocations=9 (full 0):
 PSYoungGen      total 71680K, used 5107K [0x00000000d5d80000, 0x00000000da880000, 0x0000000100000000)
  eden space 66560K, 0% used [0x00000000d5d80000,0x00000000d5d80000,0x00000000d9e80000)
  from space 5120K, 99% used [0x00000000d9e80000,0x00000000da37ced8,0x00000000da380000)
  to   space 5120K, 0% used [0x00000000da380000,0x00000000da380000,0x00000000da880000)
 ParOldGen       total 87552K, used 33551K [0x0000000081800000, 0x0000000086d80000, 0x00000000d5d80000)
  object space 87552K, 38% used [0x0000000081800000,0x00000000838c3df0,0x0000000086d80000)
 Metaspace       used 20675K, capacity 21070K, committed 21296K, reserved 1069056K
  class space    used 2444K, capacity 2585K, committed 2688K, reserved 1048576K
}
Event: 4.696 GC heap before
{Heap before GC invocations=10 (full 1):
 PSYoungGen      total 71680K, used 5107K [0x00000000d5d80000, 0x00000000da880000, 0x0000000100000000)
  eden space 66560K, 0% used [0x00000000d5d80000,0x00000000d5d80000,0x00000000d9e80000)
  from space 5120K, 99% used [0x00000000d9e80000,0x00000000da37ced8,0x00000000da380000)
  to   space 5120K, 0% used [0x00000000da380000,0x00000000da380000,0x00000000da880000)
 ParOldGen       total 87552K, used 33551K [0x0000000081800000, 0x0000000086d80000, 0x00000000d5d80000)
  object space 87552K, 38% used [0x0000000081800000,0x00000000838c3df0,0x0000000086d80000)
 Metaspace       used 20675K, capacity 21070K, committed 21296K, reserved 1069056K
  class space    used 2444K, capacity 2585K, committed 2688K, reserved 1048576K
Event: 4.820 GC heap after
Heap after GC invocations=10 (full 1):
 PSYoungGen      total 71680K, used 0K [0x00000000d5d80000, 0x00000000da880000, 0x0000000100000000)
  eden space 66560K, 0% used [0x00000000d5d80000,0x00000000d5d80000,0x00000000d9e80000)
  from space 5120K, 0% used [0x00000000d9e80000,0x00000000d9e80000,0x00000000da380000)
  to   space 5120K, 0% used [0x00000000da380000,0x00000000da380000,0x00000000da880000)
 ParOldGen       total 87552K, used 31853K [0x0000000081800000, 0x0000000086d80000, 0x00000000d5d80000)
  object space 87552K, 36% used [0x0000000081800000,0x000000008371b4e0,0x0000000086d80000)
 Metaspace       used 20675K, capacity 21070K, committed 21296K, reserved 1069056K
  class space    used 2444K, capacity 2585K, committed 2688K, reserved 1048576K
}

Deoptimization events (10 events):
Event: 4.063 Thread 0x0000000003a7e800 Uncommon trap: reason=bimorphic action=maybe_recompile pc=0x000000000428a50c method=org.eclipse.sisu.inject.Guice4.getDeclaringSource(Lcom/google/inject/Binding;)Ljava/lang/Object; @ 1
Event: 4.271 Thread 0x0000000003a7e800 Uncommon trap: reason=class_check action=maybe_recompile pc=0x00000000045154c4 method=org.eclipse.sisu.wire.EntryListAdapter$ValueIterator.hasNext()Z @ 4
Event: 4.273 Thread 0x0000000003a7e800 Uncommon trap: reason=bimorphic action=maybe_recompile pc=0x00000000042612c4 method=org.eclipse.sisu.inject.Guice4.getDeclaringSource(Lcom/google/inject/Binding;)Ljava/lang/Object; @ 1
Event: 4.279 Thread 0x0000000003a7e800 Uncommon trap: reason=array_check action=maybe_recompile pc=0x0000000003c83508 method=java.util.TimSort.binarySort([Ljava/lang/Object;IIILjava/util/Comparator;)V @ 215
Event: 4.279 Thread 0x0000000003a7e800 Uncommon trap: reason=array_check action=maybe_recompile pc=0x0000000003c83508 method=java.util.TimSort.binarySort([Ljava/lang/Object;IIILjava/util/Comparator;)V @ 215
Event: 4.279 Thread 0x0000000003a7e800 Uncommon trap: reason=array_check action=maybe_recompile pc=0x0000000003c83694 method=java.util.TimSort.binarySort([Ljava/lang/Object;IIILjava/util/Comparator;)V @ 183
Event: 4.370 Thread 0x0000000003a7e800 Uncommon trap: reason=unstable_if action=reinterpret pc=0x000000000485f3d0 method=org.eclipse.sisu.plexus.RealmFilteredBeans$FilteredItr.hasNext()Z @ 44
Event: 4.430 Thread 0x0000000003a7e800 Uncommon trap: reason=unstable_if action=reinterpret pc=0x0000000003ca7d08 method=java.net.URI.match(CJJ)Z @ 19
Event: 4.435 Thread 0x0000000003a7e800 Uncommon trap: reason=unstable_if action=reinterpret pc=0x0000000004619180 method=java.nio.charset.CharsetDecoder.decode(Ljava/nio/ByteBuffer;Ljava/nio/CharBuffer;Z)Ljava/nio/charset/CoderResult; @ 1
Event: 4.879 Thread 0x0000000003a7e800 Uncommon trap: reason=unstable_if action=reinterpret pc=0x0000000003f48064 method=java.util.jar.Manifest$FastInputStream.readLine([BII)I @ 87

Classes redefined (0 events):
No events

Internal exceptions (10 events):
Event: 1.165 Thread 0x0000000003a7e800 Implicit null exception at 0x0000000003dfcb16 to 0x0000000003dfcea9
Event: 1.166 Thread 0x0000000003a7e800 Implicit null exception at 0x0000000003d72216 to 0x0000000003d725a5
Event: 1.341 Thread 0x0000000003a7e800 Implicit null exception at 0x000000000419a1b2 to 0x000000000419b4e9
Event: 1.874 Thread 0x0000000003a7e800 Implicit null exception at 0x00000000043b8237 to 0x00000000043b8481
Event: 1.987 Thread 0x0000000003a7e800 Implicit null exception at 0x0000000003f4f795 to 0x0000000003f4f991
Event: 1.987 Thread 0x0000000003a7e800 Implicit null exception at 0x0000000003f4e7af to 0x0000000003f4e819
Event: 2.055 Thread 0x0000000003a7e800 Implicit null exception at 0x000000000443d830 to 0x000000000443eca9
Event: 4.042 Thread 0x0000000003a7e800 Implicit null exception at 0x0000000004445979 to 0x0000000004445da1
Event: 4.043 Thread 0x0000000003a7e800 Implicit null exception at 0x000000000450ff71 to 0x0000000004510689
Event: 4.430 Thread 0x0000000003a7e800 Exception <a 'java/lang/ClassNotFoundException': com/sun/tools/javac/api/JavacTool> (0x00000000d63672a0) thrown at [C:\re\workspace\8-2-build-windows-amd64-cygwin\jdk8u152\9742\hotspot\src\share\vm\classfile\systemDictionary.cpp, line 210]

Events (10 events):
Event: 4.851 loading class com/sun/tools/javac/file/Locations$Path done
Event: 4.851 Executing VM operation: Deoptimize
Event: 4.851 Executing VM operation: Deoptimize done
Event: 4.851 loading class com/sun/tools/javac/util/ListBuffer$1
Event: 4.851 loading class com/sun/tools/javac/util/ListBuffer$1 done
Event: 4.854 loading class com/sun/tools/javac/util/StringUtils
Event: 4.854 loading class com/sun/tools/javac/util/StringUtils done
Event: 4.879 Thread 0x0000000003a7e800 Uncommon trap: trap_request=0xffffff65 fr.pc=0x0000000003f48064
Event: 4.879 Thread 0x0000000003a7e800 DEOPT PACKING pc=0x0000000003f48064 sp=0x0000000003a0d2a0
Event: 4.879 Thread 0x0000000003a7e800 DEOPT UNPACKING pc=0x0000000003bc582a sp=0x0000000003a0d240 mode 2


Dynamic libraries:
0x00007ff7b0940000 - 0x00007ff7b0977000 	C:\Program Files\Java\jdk1.8.0_152\bin\javaw.exe
0x00007ffae0e90000 - 0x00007ffae107d000 	C:\WINDOWS\SYSTEM32\ntdll.dll
0x00007ffadeff0000 - 0x00007ffadf0a3000 	C:\WINDOWS\System32\KERNEL32.DLL
0x00007ffadd390000 - 0x00007ffadd625000 	C:\WINDOWS\System32\KERNELBASE.dll
0x00007ffadebf0000 - 0x00007ffadec93000 	C:\WINDOWS\System32\ADVAPI32.dll
0x00007ffadf1b0000 - 0x00007ffadf24e000 	C:\WINDOWS\System32\msvcrt.dll
0x00007ffadf0b0000 - 0x00007ffadf14e000 	C:\WINDOWS\System32\sechost.dll
0x00007ffadeac0000 - 0x00007ffadebe2000 	C:\WINDOWS\System32\RPCRT4.dll
0x00007ffaded20000 - 0x00007ffadeeb7000 	C:\WINDOWS\System32\USER32.dll
0x00007ffadd290000 - 0x00007ffadd2b0000 	C:\WINDOWS\System32\win32u.dll
0x00007ffadf150000 - 0x00007ffadf179000 	C:\WINDOWS\System32\GDI32.dll
0x00007ffadcf50000 - 0x00007ffadd0e9000 	C:\WINDOWS\System32\gdi32full.dll
0x00007ffadd1f0000 - 0x00007ffadd290000 	C:\WINDOWS\System32\msvcp_win.dll
0x00007ffadd0f0000 - 0x00007ffadd1ea000 	C:\WINDOWS\System32\ucrtbase.dll
0x00007ffac8de0000 - 0x00007ffac9059000 	C:\WINDOWS\WinSxS\amd64_microsoft.windows.common-controls_6595b64144ccf1df_6.0.17763.1217_none_de6e4304534e0ad3\COMCTL32.dll
0x00007ffae0970000 - 0x00007ffae0c9c000 	C:\WINDOWS\System32\combase.dll
0x00007ffadd310000 - 0x00007ffadd38e000 	C:\WINDOWS\System32\bcryptPrimitives.dll
0x00007ffade690000 - 0x00007ffade6be000 	C:\WINDOWS\System32\IMM32.DLL
0x00007ffad69a0000 - 0x00007ffad6a4c000 	C:\WINDOWS\system32\tmumh\20019\AddOn\7.0.0.1169\TmUmEvt64.dll
0x00007ffadf180000 - 0x00007ffadf188000 	C:\WINDOWS\System32\PSAPI.DLL
0x00007ffade9f0000 - 0x00007ffadea42000 	C:\WINDOWS\System32\SHLWAPI.dll
0x0000000074150000 - 0x000000007426d000 	C:\WINDOWS\system32\tmumh\20019\TmMon\2.5.0.2090\tmmon64.dll
0x0000000071d10000 - 0x0000000071de2000 	C:\Program Files\Java\jdk1.8.0_152\jre\bin\msvcr100.dll
0x000000006f900000 - 0x00000000701a0000 	C:\Program Files\Java\jdk1.8.0_152\jre\bin\server\jvm.dll
0x00007ffad0300000 - 0x00007ffad0309000 	C:\WINDOWS\SYSTEM32\WSOCK32.dll
0x00007ffadf3a0000 - 0x00007ffadf40d000 	C:\WINDOWS\System32\WS2_32.dll
0x00007ffadb0d0000 - 0x00007ffadb0f4000 	C:\WINDOWS\SYSTEM32\WINMM.dll
0x00007ffad0d20000 - 0x00007ffad0d2a000 	C:\WINDOWS\SYSTEM32\VERSION.dll
0x00007ffadb0a0000 - 0x00007ffadb0cd000 	C:\WINDOWS\SYSTEM32\WINMMBASE.dll
0x00007ffadd860000 - 0x00007ffadd8aa000 	C:\WINDOWS\System32\cfgmgr32.dll
0x0000000073e90000 - 0x0000000073e9f000 	C:\Program Files\Java\jdk1.8.0_152\jre\bin\verify.dll
0x0000000073e60000 - 0x0000000073e89000 	C:\Program Files\Java\jdk1.8.0_152\jre\bin\java.dll
0x0000000073040000 - 0x0000000073056000 	C:\Program Files\Java\jdk1.8.0_152\jre\bin\zip.dll
0x00007ffadf470000 - 0x00007ffae0964000 	C:\WINDOWS\System32\SHELL32.dll
0x00007ffae0db0000 - 0x00007ffae0e58000 	C:\WINDOWS\System32\shcore.dll
0x00007ffadd960000 - 0x00007ffade0ae000 	C:\WINDOWS\System32\windows.storage.dll
0x00007ffadcea0000 - 0x00007ffadcec4000 	C:\WINDOWS\System32\profapi.dll
0x00007ffadcef0000 - 0x00007ffadcf4d000 	C:\WINDOWS\System32\powrprof.dll
0x00007ffadce80000 - 0x00007ffadce91000 	C:\WINDOWS\System32\kernel.appcore.dll
0x00007ffadd630000 - 0x00007ffadd647000 	C:\WINDOWS\System32\cryptsp.dll
0x00007ffadc210000 - 0x00007ffadc243000 	C:\WINDOWS\system32\rsaenh.dll
0x00007ffadd650000 - 0x00007ffadd676000 	C:\WINDOWS\System32\bcrypt.dll
0x00007ffadcdb0000 - 0x00007ffadcdd8000 	C:\WINDOWS\SYSTEM32\USERENV.dll
0x00007ffadc8c0000 - 0x00007ffadc8cc000 	C:\WINDOWS\SYSTEM32\CRYPTBASE.dll
0x0000000073020000 - 0x000000007303a000 	C:\Program Files\Java\jdk1.8.0_152\jre\bin\net.dll
0x00007ffadc6f0000 - 0x00007ffadc757000 	C:\WINDOWS\system32\mswsock.dll
0x00007ffadc3b0000 - 0x00007ffadc3ed000 	C:\WINDOWS\SYSTEM32\IPHLPAPI.DLL
0x00007ffadeab0000 - 0x00007ffadeab8000 	C:\WINDOWS\System32\NSI.dll
0x00007ffad7c60000 - 0x00007ffad7c76000 	C:\WINDOWS\SYSTEM32\dhcpcsvc6.DLL
0x00007ffad7ba0000 - 0x00007ffad7bbc000 	C:\WINDOWS\SYSTEM32\dhcpcsvc.DLL
0x00007ffadc400000 - 0x00007ffadc4c7000 	C:\WINDOWS\SYSTEM32\DNSAPI.dll
0x0000000072080000 - 0x0000000072091000 	C:\Program Files\Java\jdk1.8.0_152\jre\bin\nio.dll
0x00007ffacb760000 - 0x00007ffacb76a000 	C:\Users\acer\AppData\Local\Temp\jansi-1.17.1-4183252480634941840.dll

VM Arguments:
jvm_args: -Dmaven.home=EMBEDDED -Dclassworlds.conf=C:\Users\acer\Documents\workspace-sts-3.9.10.RELEASE\.metadata\.plugins\org.eclipse.m2e.launching\launches\m2conf6756345392173795901.tmp -Dmaven.multiModuleProjectDirectory=C:\Users\acer\Documents\workspace-sts-3.9.10.RELEASE\mddsServices -Djansi.force=true -Djansi.passthrough=true -Dfile.encoding=Cp1252 
java_command: org.codehaus.plexus.classworlds.launcher.Launcher -B install -Dstyle.color=always
java_class_path (initial): C:\Users\acer\Desktop\springtool\sts-bundle\sts-3.9.10.RELEASE\plugins\org.eclipse.m2e.maven.runtime_1.13.0.20190716-1623\jars\plexus-classworlds-2.6.0.jar
Launcher Type: SUN_STANDARD

Environment Variables:
JAVA_HOME=C:\Program Files\Java\jdk-11.0.2
JRE_HOME=C:\Program Files\Java\jre1.8.0_152\bin
PATH=C:/Program Files/Java/jre1.8.0_152/bin/server;C:/Program Files/Java/jre1.8.0_152/bin;C:/Program Files/Java/jre1.8.0_152/lib/amd64;C:\Program Files (x86)\Intel\Intel(R) Management Engine Components\iCLS\;C:\Program Files\Intel\Intel(R) Management Engine Components\iCLS\;C:\ProgramData\Oracle\Java\javapath;C:\WINDOWS\system32;C:\WINDOWS;C:\WINDOWS\System32\Wbem;C:\WINDOWS\System32\WindowsPowerShell\v1.0\;C:\Program Files (x86)\Intel\Intel(R) Management Engine Components\DAL;C:\Program Files\Intel\Intel(R) Management Engine Components\DAL;C:\Program Files (x86)\Intel\Intel(R) Management Engine Components\IPT;C:\Program Files\Intel\Intel(R) Management Engine Components\IPT;C:\WINDOWS\System32\OpenSSH\;C:\PostgreSQL\pg96\bin;C:\Program Files\TortoiseSVN\bin;D:\elesticsearch\kibana-6.5.2-windows-x86_64\bin;D:\elesticsearch\elasticsearch-6.4.0\bin;C:\Program Files\nodejs\;C:\Users\acer\AppData\Local\Android\Sdk;C:\Users\acer\AppData\Local\Android\Sdk\platform-tools;C:\Users\acer\AppData\Local\Android\Sdk\emulator;C:\Users\acer\AppData\Roaming\npm;C:\Users\acer\AppData\Local\Microsoft\WindowsApps;C:\Users\acer\AppData\Local\GitHubDesktop\bin;C:\Users\acer\AppData\Roaming\npm;C:\Users\acer\AppData\Local\Programs\Microsoft VS Code\bin;C:\Users\acer\Desktop\springtool\sts-bundle\sts-3.9.10.RELEASE;
USERNAME=acer
OS=Windows_NT
PROCESSOR_IDENTIFIER=Intel64 Family 6 Model 158 Stepping 9, GenuineIntel



---------------  S Y S T E M  ---------------

OS: Windows 10.0 , 64 bit Build 17763 (10.0.17763.1158)

CPU:total 4 (initial active 4) (4 cores per cpu, 1 threads per core) family 6 model 158 stepping 9, cmov, cx8, fxsr, mmx, sse, sse2, sse3, ssse3, sse4.1, sse4.2, popcnt, avx, avx2, clmul, erms, rtm, 3dnowpref, lzcnt, tsc, tscinvbit, bmi1, bmi2, adx

Memory: 4k page, physical 8287952k(735824k free), swap 24671952k(5696k free)

vm_info: Java HotSpot(TM) 64-Bit Server VM (25.152-b16) for windows-amd64 JRE (1.8.0_152-b16), built on Sep 14 2017 02:29:36 by "java_re" with MS VC++ 10.0 (VS2010)

time: Thu May 21 17:16:16 2020
elapsed time: 4 seconds (0d 0h 0m 4s)

