#
# There is insufficient memory for the Java Runtime Environment to continue.
# Native memory allocation (malloc) failed to allocate 775296 bytes for Chunk::new
# Possible reasons:
#   The system is out of physical RAM or swap space
#   In 32 bit mode, the process size limit was hit
# Possible solutions:
#   Reduce memory load on the system
#   Increase physical memory or swap space
#   Check if swap backing store is full
#   Use 64 bit Java on a 64 bit OS
#   Decrease Java heap size (-Xmx/-Xms)
#   Decrease number of Java threads
#   Decrease Java thread stack sizes (-Xss)
#   Set larger code cache with -XX:ReservedCodeCacheSize=
# This output file may be truncated or incomplete.
#
#  Out of Memory Error (allocation.cpp:390), pid=9076, tid=0x00000000000024b8
#
# JRE version: Java(TM) SE Runtime Environment (8.0_152-b16) (build 1.8.0_152-b16)
# Java VM: Java HotSpot(TM) 64-Bit Server VM (25.152-b16 mixed mode windows-amd64 compressed oops)
# Failed to write core dump. Minidumps are not enabled by default on client versions of Windows
#

---------------  T H R E A D  ---------------

Current thread (0x000000001833e800):  JavaThread "C2 CompilerThread0" daemon [_thread_in_native, id=9400, stack(0x00000000199a0000,0x0000000019aa0000)]

Stack: [0x00000000199a0000,0x0000000019aa0000]
[error occurred during error reporting (printing stack bounds), id 0xc0000005]

Native frames: (J=compiled Java code, j=interpreted, Vv=VM code, C=native code)


Current CompileTask:
C2:   4572 3618   !   4       org.apache.maven.model.ModelBase::clone (397 bytes)


---------------  P R O C E S S  ---------------

Java Threads: ( => current thread )
  0x0000000019cc8800 JavaThread "Service Thread" daemon [_thread_blocked, id=4904, stack(0x000000001a0a0000,0x000000001a1a0000)]
  0x0000000018352000 JavaThread "C1 CompilerThread2" daemon [_thread_blocked, id=11140, stack(0x0000000019ba0000,0x0000000019ca0000)]
  0x0000000018343000 JavaThread "C2 CompilerThread1" daemon [_thread_in_native, id=13624, stack(0x0000000019aa0000,0x0000000019ba0000)]
=>0x000000001833e800 JavaThread "C2 CompilerThread0" daemon [_thread_in_native, id=9400, stack(0x00000000199a0000,0x0000000019aa0000)]
  0x000000001833c800 JavaThread "Attach Listener" daemon [_thread_blocked, id=8324, stack(0x00000000198a0000,0x00000000199a0000)]
  0x000000001833b800 JavaThread "Signal Dispatcher" daemon [_thread_blocked, id=18140, stack(0x00000000197a0000,0x00000000198a0000)]
  0x000000001832a800 JavaThread "Finalizer" daemon [_thread_blocked, id=19752, stack(0x00000000195a0000,0x00000000196a0000)]
  0x00000000037e1000 JavaThread "Reference Handler" daemon [_thread_blocked, id=17044, stack(0x00000000194a0000,0x00000000195a0000)]
  0x00000000015ae800 JavaThread "main" [_thread_in_native, id=17868, stack(0x0000000003560000,0x0000000003660000)]

Other Threads:
  0x0000000018307800 VMThread [stack: 0x00000000193a0000,0x00000000194a0000] [id=17644]
  0x0000000019ceb000 WatcherThread [stack: 0x000000001a1a0000,0x000000001a2a0000] [id=18144]

VM state:not at safepoint (normal execution)

VM Mutex/Monitor currently owned by a thread: None

Heap:
 PSYoungGen      total 71680K, used 65991K [0x00000000d5d80000, 0x00000000da880000, 0x0000000100000000)
  eden space 66560K, 91% used [0x00000000d5d80000,0x00000000d98f1c30,0x00000000d9e80000)
  from space 5120K, 100% used [0x00000000d9e80000,0x00000000da380000,0x00000000da380000)
  to   space 5120K, 0% used [0x00000000da380000,0x00000000da380000,0x00000000da880000)
 ParOldGen       total 87552K, used 27302K [0x0000000081800000, 0x0000000086d80000, 0x00000000d5d80000)
  object space 87552K, 31% used [0x0000000081800000,0x00000000832a98d8,0x0000000086d80000)
 Metaspace       used 17217K, capacity 17550K, committed 17792K, reserved 1064960K
  class space    used 1971K, capacity 2089K, committed 2176K, reserved 1048576K

Card table byte_map: [0x0000000012bb0000,0x0000000012fb0000] byte_map_base: 0x00000000127a4000

Marking Bits: (ParMarkBitMap*) 0x0000000070120860
 Begin Bits: [0x0000000013660000, 0x0000000015600000)
 End Bits:   [0x0000000015600000, 0x00000000175a0000)

Polling page: 0x0000000001520000

CodeCache: size=245760Kb used=14078Kb max_used=14078Kb free=231681Kb
 bounds [0x00000000037f0000, 0x00000000045c0000, 0x00000000127f0000]
 total_blobs=4013 nmethods=3643 adapters=281
 compilation: enabled

Compilation events (10 events):
Event: 4.474 Thread 0x0000000018352000 3668   !   3       sun.nio.ch.FileChannelImpl::implCloseChannel (132 bytes)
Event: 4.474 Thread 0x0000000018352000 nmethod 3668 0x00000000045b3110 code [0x00000000045b3360, 0x00000000045b4368]
Event: 4.474 Thread 0x0000000018352000 3669   !   3       sun.nio.ch.SharedFileLockTable::removeAll (139 bytes)
Event: 4.475 Thread 0x0000000018352000 nmethod 3669 0x00000000045b4910 code [0x00000000045b4b80, 0x00000000045b5f38]
Event: 4.475 Thread 0x0000000018352000 3670       3       sun.nio.ch.SharedFileLockTable::removeKeyIfEmpty (64 bytes)
Event: 4.475 Thread 0x0000000018352000 nmethod 3670 0x00000000045b6a10 code [0x00000000045b6ba0, 0x00000000045b6f58]
Event: 4.475 Thread 0x0000000018352000 3671  s!   3       sun.nio.ch.NativeThreadSet::signalAndWait (134 bytes)
Event: 4.475 Thread 0x0000000018352000 nmethod 3671 0x00000000045b7090 code [0x00000000045b7240, 0x00000000045b7a18]
Event: 4.475 Thread 0x0000000018352000 3672       3       org.eclipse.aether.internal.impl.SimpleLocalRepositoryManager::getRepositoryKey (178 bytes)
Event: 4.476 Thread 0x0000000018352000 nmethod 3672 0x00000000045b7d90 code [0x00000000045b80e0, 0x00000000045b9e38]

GC Heap History (10 events):
Event: 1.575 GC heap before
{Heap before GC invocations=3 (full 0):
 PSYoungGen      total 38400K, used 38387K [0x00000000d5d80000, 0x00000000da880000, 0x0000000100000000)
  eden space 33280K, 100% used [0x00000000d5d80000,0x00000000d7e00000,0x00000000d7e00000)
  from space 5120K, 99% used [0x00000000d8300000,0x00000000d87fce80,0x00000000d8800000)
  to   space 5120K, 0% used [0x00000000d7e00000,0x00000000d7e00000,0x00000000d8300000)
 ParOldGen       total 87552K, used 1717K [0x0000000081800000, 0x0000000086d80000, 0x00000000d5d80000)
  object space 87552K, 1% used [0x0000000081800000,0x00000000819ad7c8,0x0000000086d80000)
 Metaspace       used 14821K, capacity 15048K, committed 15232K, reserved 1062912K
  class space    used 1814K, capacity 1908K, committed 1920K, reserved 1048576K
Event: 1.583 GC heap after
Heap after GC invocations=3 (full 0):
 PSYoungGen      total 38400K, used 5088K [0x00000000d5d80000, 0x00000000da880000, 0x0000000100000000)
  eden space 33280K, 0% used [0x00000000d5d80000,0x00000000d5d80000,0x00000000d7e00000)
  from space 5120K, 99% used [0x00000000d7e00000,0x00000000d82f8020,0x00000000d8300000)
  to   space 5120K, 0% used [0x00000000da380000,0x00000000da380000,0x00000000da880000)
 ParOldGen       total 87552K, used 4637K [0x0000000081800000, 0x0000000086d80000, 0x00000000d5d80000)
  object space 87552K, 5% used [0x0000000081800000,0x0000000081c87788,0x0000000086d80000)
 Metaspace       used 14821K, capacity 15048K, committed 15232K, reserved 1062912K
  class space    used 1814K, capacity 1908K, committed 1920K, reserved 1048576K
}
Event: 1.892 GC heap before
{Heap before GC invocations=4 (full 0):
 PSYoungGen      total 38400K, used 38368K [0x00000000d5d80000, 0x00000000da880000, 0x0000000100000000)
  eden space 33280K, 100% used [0x00000000d5d80000,0x00000000d7e00000,0x00000000d7e00000)
  from space 5120K, 99% used [0x00000000d7e00000,0x00000000d82f8020,0x00000000d8300000)
  to   space 5120K, 0% used [0x00000000da380000,0x00000000da380000,0x00000000da880000)
 ParOldGen       total 87552K, used 4637K [0x0000000081800000, 0x0000000086d80000, 0x00000000d5d80000)
  object space 87552K, 5% used [0x0000000081800000,0x0000000081c87788,0x0000000086d80000)
 Metaspace       used 14965K, capacity 15182K, committed 15232K, reserved 1062912K
  class space    used 1815K, capacity 1909K, committed 1920K, reserved 1048576K
Event: 1.898 GC heap after
Heap after GC invocations=4 (full 0):
 PSYoungGen      total 71680K, used 5088K [0x00000000d5d80000, 0x00000000da880000, 0x0000000100000000)
  eden space 66560K, 0% used [0x00000000d5d80000,0x00000000d5d80000,0x00000000d9e80000)
  from space 5120K, 99% used [0x00000000da380000,0x00000000da878020,0x00000000da880000)
  to   space 5120K, 0% used [0x00000000d9e80000,0x00000000d9e80000,0x00000000da380000)
 ParOldGen       total 87552K, used 6533K [0x0000000081800000, 0x0000000086d80000, 0x00000000d5d80000)
  object space 87552K, 7% used [0x0000000081800000,0x0000000081e61788,0x0000000086d80000)
 Metaspace       used 14965K, capacity 15182K, committed 15232K, reserved 1062912K
  class space    used 1815K, capacity 1909K, committed 1920K, reserved 1048576K
}
Event: 2.354 GC heap before
{Heap before GC invocations=5 (full 0):
 PSYoungGen      total 71680K, used 71648K [0x00000000d5d80000, 0x00000000da880000, 0x0000000100000000)
  eden space 66560K, 100% used [0x00000000d5d80000,0x00000000d9e80000,0x00000000d9e80000)
  from space 5120K, 99% used [0x00000000da380000,0x00000000da878020,0x00000000da880000)
  to   space 5120K, 0% used [0x00000000d9e80000,0x00000000d9e80000,0x00000000da380000)
 ParOldGen       total 87552K, used 6533K [0x0000000081800000, 0x0000000086d80000, 0x00000000d5d80000)
  object space 87552K, 7% used [0x0000000081800000,0x0000000081e61788,0x0000000086d80000)
 Metaspace       used 15571K, capacity 15790K, committed 16128K, reserved 1062912K
  class space    used 1853K, capacity 1941K, committed 2048K, reserved 1048576K
Event: 2.365 GC heap after
Heap after GC invocations=5 (full 0):
 PSYoungGen      total 71680K, used 5104K [0x00000000d5d80000, 0x00000000da880000, 0x0000000100000000)
  eden space 66560K, 0% used [0x00000000d5d80000,0x00000000d5d80000,0x00000000d9e80000)
  from space 5120K, 99% used [0x00000000d9e80000,0x00000000da37c010,0x00000000da380000)
  to   space 5120K, 0% used [0x00000000da380000,0x00000000da380000,0x00000000da880000)
 ParOldGen       total 87552K, used 13879K [0x0000000081800000, 0x0000000086d80000, 0x00000000d5d80000)
  object space 87552K, 15% used [0x0000000081800000,0x000000008258df28,0x0000000086d80000)
 Metaspace       used 15571K, capacity 15790K, committed 16128K, reserved 1062912K
  class space    used 1853K, capacity 1941K, committed 2048K, reserved 1048576K
}
Event: 2.861 GC heap before
{Heap before GC invocations=6 (full 0):
 PSYoungGen      total 71680K, used 71664K [0x00000000d5d80000, 0x00000000da880000, 0x0000000100000000)
  eden space 66560K, 100% used [0x00000000d5d80000,0x00000000d9e80000,0x00000000d9e80000)
  from space 5120K, 99% used [0x00000000d9e80000,0x00000000da37c010,0x00000000da380000)
  to   space 5120K, 0% used [0x00000000da380000,0x00000000da380000,0x00000000da880000)
 ParOldGen       total 87552K, used 13879K [0x0000000081800000, 0x0000000086d80000, 0x00000000d5d80000)
  object space 87552K, 15% used [0x0000000081800000,0x000000008258df28,0x0000000086d80000)
 Metaspace       used 15882K, capacity 16170K, committed 16384K, reserved 1062912K
  class space    used 1862K, capacity 1951K, committed 2048K, reserved 1048576K
Event: 2.880 GC heap after
Heap after GC invocations=6 (full 0):
 PSYoungGen      total 71680K, used 5088K [0x00000000d5d80000, 0x00000000da880000, 0x0000000100000000)
  eden space 66560K, 0% used [0x00000000d5d80000,0x00000000d5d80000,0x00000000d9e80000)
  from space 5120K, 99% used [0x00000000da380000,0x00000000da878020,0x00000000da880000)
  to   space 5120K, 0% used [0x00000000d9e80000,0x00000000d9e80000,0x00000000da380000)
 ParOldGen       total 87552K, used 19603K [0x0000000081800000, 0x0000000086d80000, 0x00000000d5d80000)
  object space 87552K, 22% used [0x0000000081800000,0x0000000082b24ee8,0x0000000086d80000)
 Metaspace       used 15882K, capacity 16170K, committed 16384K, reserved 1062912K
  class space    used 1862K, capacity 1951K, committed 2048K, reserved 1048576K
}
Event: 3.476 GC heap before
{Heap before GC invocations=7 (full 0):
 PSYoungGen      total 71680K, used 71648K [0x00000000d5d80000, 0x00000000da880000, 0x0000000100000000)
  eden space 66560K, 100% used [0x00000000d5d80000,0x00000000d9e80000,0x00000000d9e80000)
  from space 5120K, 99% used [0x00000000da380000,0x00000000da878020,0x00000000da880000)
  to   space 5120K, 0% used [0x00000000d9e80000,0x00000000d9e80000,0x00000000da380000)
 ParOldGen       total 87552K, used 19603K [0x0000000081800000, 0x0000000086d80000, 0x00000000d5d80000)
  object space 87552K, 22% used [0x0000000081800000,0x0000000082b24ee8,0x0000000086d80000)
 Metaspace       used 16122K, capacity 16362K, committed 16640K, reserved 1064960K
  class space    used 1862K, capacity 1951K, committed 2048K, reserved 1048576K
Event: 3.497 GC heap after
Heap after GC invocations=7 (full 0):
 PSYoungGen      total 71680K, used 5120K [0x00000000d5d80000, 0x00000000da880000, 0x0000000100000000)
  eden space 66560K, 0% used [0x00000000d5d80000,0x00000000d5d80000,0x00000000d9e80000)
  from space 5120K, 100% used [0x00000000d9e80000,0x00000000da380000,0x00000000da380000)
  to   space 5120K, 0% used [0x00000000da380000,0x00000000da380000,0x00000000da880000)
 ParOldGen       total 87552K, used 27302K [0x0000000081800000, 0x0000000086d80000, 0x00000000d5d80000)
  object space 87552K, 31% used [0x0000000081800000,0x00000000832a98d8,0x0000000086d80000)
 Metaspace       used 16122K, capacity 16362K, committed 16640K, reserved 1064960K
  class space    used 1862K, capacity 1951K, committed 2048K, reserved 1048576K
}

Deoptimization events (10 events):
Event: 3.418 Thread 0x00000000015ae800 Uncommon trap: reason=unstable_if action=reinterpret pc=0x00000000042b82b4 method=org.codehaus.plexus.interpolation.StringSearchInterpolator.interpolate(Ljava/lang/String;Lorg/codehaus/plexus/interpolation/RecursionInterceptor;Ljava/util/Set;)Ljava/lang/S
Event: 3.601 Thread 0x00000000015ae800 Uncommon trap: reason=unstable_if action=reinterpret pc=0x00000000040da28c method=java.util.HashMap.getNode(ILjava/lang/Object;)Ljava/util/HashMap$Node; @ 53
Event: 3.601 Thread 0x00000000015ae800 Uncommon trap: reason=unstable_if action=reinterpret pc=0x0000000003bd84c4 method=java.util.HashMap.getNode(ILjava/lang/Object;)Ljava/util/HashMap$Node; @ 53
Event: 3.826 Thread 0x00000000015ae800 Uncommon trap: reason=bimorphic action=maybe_recompile pc=0x0000000003f37f1c method=java.lang.ThreadLocal.get()Ljava/lang/Object; @ 6
Event: 4.075 Thread 0x00000000015ae800 Uncommon trap: reason=unstable_if action=reinterpret pc=0x000000000407d98c method=org.codehaus.plexus.util.StringUtils.isNotEmpty(Ljava/lang/String;)Z @ 8
Event: 4.076 Thread 0x00000000015ae800 Uncommon trap: reason=class_check action=maybe_recompile pc=0x000000000429bec4 method=org.eclipse.sisu.wire.EntryListAdapter$ValueIterator.hasNext()Z @ 4
Event: 4.113 Thread 0x00000000015ae800 Uncommon trap: reason=unstable_if action=reinterpret pc=0x0000000003d756f0 method=sun.net.www.protocol.jar.Handler.parseURL(Ljava/net/URL;Ljava/lang/String;II)V @ 94
Event: 4.192 Thread 0x00000000015ae800 Uncommon trap: reason=predicate action=maybe_recompile pc=0x0000000003a54854 method=sun.net.www.ParseUtil.encodePath(Ljava/lang/String;Z)Ljava/lang/String; @ 36
Event: 4.205 Thread 0x00000000015ae800 Uncommon trap: reason=null_check action=make_not_entrant pc=0x000000000407e104 method=com.google.inject.internal.InjectorImpl.enterContext()Lcom/google/inject/internal/InternalContext; @ 7
Event: 4.206 Thread 0x00000000015ae800 Uncommon trap: reason=null_check action=make_not_entrant pc=0x000000000450af8c method=org.eclipse.sisu.plexus.ClassRealmManager.visibleRealmNames(Lorg/codehaus/plexus/classworlds/realm/ClassRealm;)Ljava/util/Set; @ 19

Classes redefined (0 events):
No events

Internal exceptions (10 events):
Event: 1.321 Thread 0x00000000015ae800 Exception <a 'java/lang/NullPointerException'> (0x00000000d6c6d970) thrown at [C:\re\workspace\8-2-build-windows-amd64-cygwin\jdk8u152\9742\hotspot\src\share\vm\interpreter\linkResolver.cpp, line 1185]
Event: 1.351 Thread 0x00000000015ae800 Implicit null exception at 0x0000000003a712d6 to 0x0000000003a71669
Event: 1.351 Thread 0x00000000015ae800 Implicit null exception at 0x00000000039e4f16 to 0x00000000039e52a5
Event: 1.554 Thread 0x00000000015ae800 Implicit null exception at 0x0000000003e39b32 to 0x0000000003e3ae65
Event: 2.090 Thread 0x00000000015ae800 Implicit null exception at 0x000000000402c4f7 to 0x000000000402c741
Event: 2.147 Thread 0x00000000015ae800 Implicit null exception at 0x0000000003bb4dd5 to 0x0000000003bb4fd1
Event: 2.147 Thread 0x00000000015ae800 Implicit null exception at 0x0000000003a68aef to 0x0000000003a68b59
Event: 2.352 Thread 0x00000000015ae800 Implicit null exception at 0x00000000040f4978 to 0x00000000040f5de9
Event: 4.205 Thread 0x00000000015ae800 Implicit null exception at 0x000000000407dcb4 to 0x000000000407e0f5
Event: 4.206 Thread 0x00000000015ae800 Implicit null exception at 0x000000000450a7f3 to 0x000000000450af71

Events (10 events):
Event: 4.252 loading class org/apache/maven/plugin/logging/Log
Event: 4.252 loading class org/apache/maven/plugin/logging/Log done
Event: 4.252 loading class org/apache/maven/plugin/logging/Log
Event: 4.252 loading class org/apache/maven/plugin/logging/Log done
Event: 4.252 loading class org/apache/maven/artifact/resolver/filter/CumulativeScopeArtifactFilter
Event: 4.252 loading class org/apache/maven/artifact/resolver/filter/CumulativeScopeArtifactFilter done
Event: 4.252 loading class org/apache/maven/artifact/resolver/filter/AbstractScopeArtifactFilter
Event: 4.252 loading class org/apache/maven/artifact/resolver/filter/AbstractScopeArtifactFilter done
Event: 4.463 Thread 0x00000000015ae800 DEOPT PACKING pc=0x0000000004465eba sp=0x000000000365d7c0
Event: 4.463 Thread 0x00000000015ae800 DEOPT UNPACKING pc=0x000000000383787f sp=0x000000000365d4e0 mode 0


Dynamic libraries:
0x00007ff7b0940000 - 0x00007ff7b0977000 	C:\Program Files\Java\jdk1.8.0_152\bin\javaw.exe
0x00007ffae0e90000 - 0x00007ffae107d000 	C:\WINDOWS\SYSTEM32\ntdll.dll
0x00007ffadeff0000 - 0x00007ffadf0a3000 	C:\WINDOWS\System32\KERNEL32.DLL
0x00007ffadd390000 - 0x00007ffadd625000 	C:\WINDOWS\System32\KERNELBASE.dll
0x00007ffadebf0000 - 0x00007ffadec93000 	C:\WINDOWS\System32\ADVAPI32.dll
0x00007ffadf1b0000 - 0x00007ffadf24e000 	C:\WINDOWS\System32\msvcrt.dll
0x00007ffadf0b0000 - 0x00007ffadf14e000 	C:\WINDOWS\System32\sechost.dll
0x00007ffadeac0000 - 0x00007ffadebe2000 	C:\WINDOWS\System32\RPCRT4.dll
0x00007ffaded20000 - 0x00007ffadeeb7000 	C:\WINDOWS\System32\USER32.dll
0x00007ffadd290000 - 0x00007ffadd2b0000 	C:\WINDOWS\System32\win32u.dll
0x00007ffadf150000 - 0x00007ffadf179000 	C:\WINDOWS\System32\GDI32.dll
0x00007ffadcf50000 - 0x00007ffadd0e9000 	C:\WINDOWS\System32\gdi32full.dll
0x00007ffadd1f0000 - 0x00007ffadd290000 	C:\WINDOWS\System32\msvcp_win.dll
0x00007ffadd0f0000 - 0x00007ffadd1ea000 	C:\WINDOWS\System32\ucrtbase.dll
0x00007ffac8de0000 - 0x00007ffac9059000 	C:\WINDOWS\WinSxS\amd64_microsoft.windows.common-controls_6595b64144ccf1df_6.0.17763.1217_none_de6e4304534e0ad3\COMCTL32.dll
0x00007ffae0970000 - 0x00007ffae0c9c000 	C:\WINDOWS\System32\combase.dll
0x00007ffadd310000 - 0x00007ffadd38e000 	C:\WINDOWS\System32\bcryptPrimitives.dll
0x00007ffade690000 - 0x00007ffade6be000 	C:\WINDOWS\System32\IMM32.DLL
0x00007ffad69a0000 - 0x00007ffad6a4c000 	C:\WINDOWS\system32\tmumh\20019\AddOn\7.0.0.1169\TmUmEvt64.dll
0x00007ffadf180000 - 0x00007ffadf188000 	C:\WINDOWS\System32\PSAPI.DLL
0x00007ffade9f0000 - 0x00007ffadea42000 	C:\WINDOWS\System32\SHLWAPI.dll
0x0000000074150000 - 0x000000007426d000 	C:\WINDOWS\system32\tmumh\20019\TmMon\2.5.0.2090\tmmon64.dll
0x0000000071d10000 - 0x0000000071de2000 	C:\Program Files\Java\jdk1.8.0_152\jre\bin\msvcr100.dll
0x000000006f900000 - 0x00000000701a0000 	C:\Program Files\Java\jdk1.8.0_152\jre\bin\server\jvm.dll
0x00007ffad0300000 - 0x00007ffad0309000 	C:\WINDOWS\SYSTEM32\WSOCK32.dll
0x00007ffadf3a0000 - 0x00007ffadf40d000 	C:\WINDOWS\System32\WS2_32.dll
0x00007ffadb0d0000 - 0x00007ffadb0f4000 	C:\WINDOWS\SYSTEM32\WINMM.dll
0x00007ffad0d20000 - 0x00007ffad0d2a000 	C:\WINDOWS\SYSTEM32\VERSION.dll
0x00007ffadb0a0000 - 0x00007ffadb0cd000 	C:\WINDOWS\SYSTEM32\WINMMBASE.dll
0x00007ffadd860000 - 0x00007ffadd8aa000 	C:\WINDOWS\System32\cfgmgr32.dll
0x0000000073e90000 - 0x0000000073e9f000 	C:\Program Files\Java\jdk1.8.0_152\jre\bin\verify.dll
0x0000000073e60000 - 0x0000000073e89000 	C:\Program Files\Java\jdk1.8.0_152\jre\bin\java.dll
0x0000000073040000 - 0x0000000073056000 	C:\Program Files\Java\jdk1.8.0_152\jre\bin\zip.dll
0x00007ffadf470000 - 0x00007ffae0964000 	C:\WINDOWS\System32\SHELL32.dll
0x00007ffae0db0000 - 0x00007ffae0e58000 	C:\WINDOWS\System32\shcore.dll
0x00007ffadd960000 - 0x00007ffade0ae000 	C:\WINDOWS\System32\windows.storage.dll
0x00007ffadcea0000 - 0x00007ffadcec4000 	C:\WINDOWS\System32\profapi.dll
0x00007ffadcef0000 - 0x00007ffadcf4d000 	C:\WINDOWS\System32\powrprof.dll
0x00007ffadce80000 - 0x00007ffadce91000 	C:\WINDOWS\System32\kernel.appcore.dll
0x00007ffadd630000 - 0x00007ffadd647000 	C:\WINDOWS\System32\cryptsp.dll
0x00007ffadc210000 - 0x00007ffadc243000 	C:\WINDOWS\system32\rsaenh.dll
0x00007ffadd650000 - 0x00007ffadd676000 	C:\WINDOWS\System32\bcrypt.dll
0x00007ffadcdb0000 - 0x00007ffadcdd8000 	C:\WINDOWS\SYSTEM32\USERENV.dll
0x00007ffadc8c0000 - 0x00007ffadc8cc000 	C:\WINDOWS\SYSTEM32\CRYPTBASE.dll
0x0000000073020000 - 0x000000007303a000 	C:\Program Files\Java\jdk1.8.0_152\jre\bin\net.dll
0x00007ffadc6f0000 - 0x00007ffadc757000 	C:\WINDOWS\system32\mswsock.dll
0x00007ffadc3b0000 - 0x00007ffadc3ed000 	C:\WINDOWS\SYSTEM32\IPHLPAPI.DLL
0x00007ffadeab0000 - 0x00007ffadeab8000 	C:\WINDOWS\System32\NSI.dll
0x00007ffad7c60000 - 0x00007ffad7c76000 	C:\WINDOWS\SYSTEM32\dhcpcsvc6.DLL
0x00007ffad7ba0000 - 0x00007ffad7bbc000 	C:\WINDOWS\SYSTEM32\dhcpcsvc.DLL
0x00007ffadc400000 - 0x00007ffadc4c7000 	C:\WINDOWS\SYSTEM32\DNSAPI.dll
0x0000000072080000 - 0x0000000072091000 	C:\Program Files\Java\jdk1.8.0_152\jre\bin\nio.dll
0x00007fface950000 - 0x00007fface95a000 	C:\Users\acer\AppData\Local\Temp\jansi-1.17.1-3247643391868165206.dll

VM Arguments:
jvm_args: -Dmaven.home=EMBEDDED -Dclassworlds.conf=C:\Users\acer\Documents\workspace-sts-3.9.10.RELEASE\.metadata\.plugins\org.eclipse.m2e.launching\launches\m2conf4537967182126349387.tmp -Dmaven.multiModuleProjectDirectory=C:\Users\acer\Documents\workspace-sts-3.9.10.RELEASE\mddsServices -Djansi.force=true -Djansi.passthrough=true -Dfile.encoding=Cp1252 
java_command: org.codehaus.plexus.classworlds.launcher.Launcher -B install -Dstyle.color=always
java_class_path (initial): C:\Users\acer\Desktop\springtool\sts-bundle\sts-3.9.10.RELEASE\plugins\org.eclipse.m2e.maven.runtime_1.13.0.20190716-1623\jars\plexus-classworlds-2.6.0.jar
Launcher Type: SUN_STANDARD

Environment Variables:
JAVA_HOME=C:\Program Files\Java\jdk-11.0.2
JRE_HOME=C:\Program Files\Java\jre1.8.0_152\bin
PATH=C:/Program Files/Java/jre1.8.0_152/bin/server;C:/Program Files/Java/jre1.8.0_152/bin;C:/Program Files/Java/jre1.8.0_152/lib/amd64;C:\Program Files (x86)\Intel\Intel(R) Management Engine Components\iCLS\;C:\Program Files\Intel\Intel(R) Management Engine Components\iCLS\;C:\ProgramData\Oracle\Java\javapath;C:\WINDOWS\system32;C:\WINDOWS;C:\WINDOWS\System32\Wbem;C:\WINDOWS\System32\WindowsPowerShell\v1.0\;C:\Program Files (x86)\Intel\Intel(R) Management Engine Components\DAL;C:\Program Files\Intel\Intel(R) Management Engine Components\DAL;C:\Program Files (x86)\Intel\Intel(R) Management Engine Components\IPT;C:\Program Files\Intel\Intel(R) Management Engine Components\IPT;C:\WINDOWS\System32\OpenSSH\;C:\PostgreSQL\pg96\bin;C:\Program Files\TortoiseSVN\bin;D:\elesticsearch\kibana-6.5.2-windows-x86_64\bin;D:\elesticsearch\elasticsearch-6.4.0\bin;C:\Program Files\nodejs\;C:\Users\acer\AppData\Local\Android\Sdk;C:\Users\acer\AppData\Local\Android\Sdk\platform-tools;C:\Users\acer\AppData\Local\Android\Sdk\emulator;C:\Users\acer\AppData\Roaming\npm;C:\Users\acer\AppData\Local\Microsoft\WindowsApps;C:\Users\acer\AppData\Local\GitHubDesktop\bin;C:\Users\acer\AppData\Roaming\npm;C:\Users\acer\AppData\Local\Programs\Microsoft VS Code\bin;C:\Users\acer\Desktop\springtool\sts-bundle\sts-3.9.10.RELEASE;
USERNAME=acer
OS=Windows_NT
PROCESSOR_IDENTIFIER=Intel64 Family 6 Model 158 Stepping 9, GenuineIntel



---------------  S Y S T E M  ---------------

OS: Windows 10.0 , 64 bit Build 17763 (10.0.17763.1158)

CPU:total 4 (initial active 4) (4 cores per cpu, 1 threads per core) family 6 model 158 stepping 9, cmov, cx8, fxsr, mmx, sse, sse2, sse3, ssse3, sse4.1, sse4.2, popcnt, avx, avx2, clmul, erms, rtm, 3dnowpref, lzcnt, tsc, tscinvbit, bmi1, bmi2, adx

Memory: 4k page, physical 8287952k(601936k free), swap 24671952k(5508k free)

vm_info: Java HotSpot(TM) 64-Bit Server VM (25.152-b16) for windows-amd64 JRE (1.8.0_152-b16), built on Sep 14 2017 02:29:36 by "java_re" with MS VC++ 10.0 (VS2010)

time: Thu May 21 17:17:32 2020
elapsed time: 4 seconds (0d 0h 0m 4s)

